# JRE version: Java(TM) SE Runtime Environment (8.0_25-b18) (build 1.8.0_25-b18)
# Java VM: Java HotSpot(TM) Client VM (25.25-b02 mixed mode windows-x86 )
Heap:
 def new generation   total 314560K, used 81486K [0x04600000, 0x19b50000, 0x19b50000)
  eden space 279616K,  29% used [0x04600000, 0x095939d8, 0x15710000)
  from space 34944K,   0% used [0x15710000, 0x15710000, 0x17930000)
  to   space 34944K,   0% used [0x17930000, 0x17930000, 0x19b50000)
 tenured generation   total 699072K, used 453925K [0x19b50000, 0x44600000, 0x44600000)
   the space 699072K,  64% used [0x19b50000, 0x35699560, 0x35699600, 0x44600000)
 Metaspace       used 61861K, capacity 66011K, committed 66176K, reserved 66944K
GC Heap History (10 events):
Event: 2634.172 GC heap before
{Heap before GC invocations=171 (full 12):
 def new generation   total 230848K, used 229943K [0x04600000, 0x14070000, 0x19b50000)
  eden space 205248K,  99% used [0x04600000, 0x10e38250, 0x10e70000)
  from space 25600K,  97% used [0x10e70000, 0x126c5af0, 0x12770000)
  to   space 25600K,   0% used [0x12770000, 0x12770000, 0x14070000)
 tenured generation   total 512416K, used 481935K [0x19b50000, 0x38fb8000, 0x44600000)
   the space 512416K,  94% used [0x19b50000, 0x371f3d00, 0x371f3e00, 0x38fb8000)
 Metaspace       used 60996K, capacity 65166K, committed 65280K, reserved 65920K
Event: 2634.211 GC heap after
Heap after GC invocations=172 (full 12):
 def new generation   total 230848K, used 17722K [0x04600000, 0x14070000, 0x19b50000)
  eden space 205248K,   0% used [0x04600000, 0x04600000, 0x10e70000)
  from space 25600K,  69% used [0x12770000, 0x138be8f0, 0x14070000)
  to   space 25600K,   0% used [0x10e70000, 0x10e70000, 0x12770000)
 tenured generation   total 512416K, used 496780K [0x19b50000, 0x38fb8000, 0x44600000)
   the space 512416K,  96% used [0x19b50000, 0x38073288, 0x38073400, 0x38fb8000)
 Metaspace       used 60996K, capacity 65166K, committed 65280K, reserved 65920K
}
Event: 2634.438 GC heap before
{Heap before GC invocations=172 (full 12):
 def new generation   total 230848K, used 225676K [0x04600000, 0x14070000, 0x19b50000)
  eden space 205248K,  98% used [0x04600000, 0x10b9bb18, 0x10e70000)
  from space 25600K,  91% used [0x12770000, 0x13e37758, 0x14070000)
  to   space 25600K,   0% used [0x10e70000, 0x10e70000, 0x12770000)
 tenured generation   total 512416K, used 496780K [0x19b50000, 0x38fb8000, 0x44600000)
   the space 512416K,  96% used [0x19b50000, 0x38073288, 0x38073400, 0x38fb8000)
 Metaspace       used 61001K, capacity 65210K, committed 65280K, reserved 65920K
Event: 2634.497 GC heap after
Heap after GC invocations=173 (full 12):
 def new generation   total 230848K, used 25600K [0x04600000, 0x14070000, 0x19b50000)
  eden space 205248K,   0% used [0x04600000, 0x04600000, 0x10e70000)
  from space 25600K, 100% used [0x10e70000, 0x12770000, 0x12770000)
  to   space 25600K,   0% used [0x12770000, 0x12770000, 0x14070000)
 tenured generation   total 558144K, used 558053K [0x19b50000, 0x3bc60000, 0x44600000)
   the space 558144K,  99% used [0x19b50000, 0x3bc49728, 0x3bc49800, 0x3bc60000)
 Metaspace       used 61001K, capacity 65210K, committed 65280K, reserved 65920K
}
Event: 2635.419 GC heap before
{Heap before GC invocations=173 (full 12):
 def new generation   total 230848K, used 227062K [0x04600000, 0x14070000, 0x19b50000)
  eden space 205248K,  98% used [0x04600000, 0x10abd930, 0x10e70000)
  from space 25600K, 100% used [0x10e70000, 0x12770000, 0x12770000)
  to   space 25600K,   0% used [0x12770000, 0x12770000, 0x14070000)
 tenured generation   total 567388K, used 567296K [0x19b50000, 0x3c567000, 0x44600000)
   the space 567388K,  99% used [0x19b50000, 0x3c5503e0, 0x3c550400, 0x3c567000)
 Metaspace       used 61009K, capacity 65210K, committed 65280K, reserved 65920K
Event: 2635.484 GC heap after
Heap after GC invocations=174 (full 12):
 def new generation   total 230848K, used 25600K [0x04600000, 0x14070000, 0x19b50000)
  eden space 205248K,   0% used [0x04600000, 0x04600000, 0x10e70000)
  from space 25600K, 100% used [0x12770000, 0x14070000, 0x14070000)
  to   space 25600K,   0% used [0x10e70000, 0x10e70000, 0x12770000)
 tenured generation   total 662796K, used 662774K [0x19b50000, 0x42293000, 0x44600000)
   the space 662796K,  99% used [0x19b50000, 0x4228d910, 0x4228da00, 0x42293000)
 Metaspace       used 61009K, capacity 65210K, committed 65280K, reserved 65920K
}
Event: 2656.517 GC heap before
{Heap before GC invocations=174 (full 12):
 def new generation   total 230848K, used 230848K [0x04600000, 0x14070000, 0x19b50000)
  eden space 205248K, 100% used [0x04600000, 0x10e70000, 0x10e70000)
  from space 25600K, 100% used [0x12770000, 0x14070000, 0x14070000)
  to   space 25600K,   0% used [0x10e70000, 0x10e70000, 0x12770000)
 tenured generation   total 662796K, used 662774K [0x19b50000, 0x42293000, 0x44600000)
   the space 662796K,  99% used [0x19b50000, 0x4228d948, 0x4228da00, 0x42293000)
 Metaspace       used 61220K, capacity 65430K, committed 65536K, reserved 65920K
Event: 2656.517 GC heap after
Heap after GC invocations=175 (full 12):
 def new generation   total 230848K, used 230848K [0x04600000, 0x14070000, 0x19b50000)
  eden space 205248K, 100% used [0x04600000, 0x10e70000, 0x10e70000)
  from space 25600K, 100% used [0x12770000, 0x14070000, 0x14070000)
  to   space 25600K,   0% used [0x10e70000, 0x10e70000, 0x12770000)
 tenured generation   total 662796K, used 662774K [0x19b50000, 0x42293000, 0x44600000)
   the space 662796K,  99% used [0x19b50000, 0x4228d948, 0x4228da00, 0x42293000)
 Metaspace       used 61220K, capacity 65430K, committed 65536K, reserved 65920K
}
Event: 2656.517 GC heap before
{Heap before GC invocations=175 (full 12):
 def new generation   total 230848K, used 230848K [0x04600000, 0x14070000, 0x19b50000)
  eden space 205248K, 100% used [0x04600000, 0x10e70000, 0x10e70000)
  from space 25600K, 100% used [0x12770000, 0x14070000, 0x14070000)
  to   space 25600K,   0% used [0x10e70000, 0x10e70000, 0x12770000)
 tenured generation   total 662796K, used 662774K [0x19b50000, 0x42293000, 0x44600000)
   the space 662796K,  99% used [0x19b50000, 0x4228d948, 0x4228da00, 0x42293000)
 Metaspace       used 61220K, capacity 65430K, committed 65536K, reserved 65920K
Event: 2657.789 GC heap after
Heap after GC invocations=176 (full 13):
 def new generation   total 314560K, used 0K [0x04600000, 0x19b50000, 0x19b50000)
  eden space 279616K,   0% used [0x04600000, 0x04600000, 0x15710000)
  from space 34944K,   0% used [0x15710000, 0x15710000, 0x17930000)
  to   space 34944K,   0% used [0x17930000, 0x17930000, 0x19b50000)
 tenured generation   total 699072K, used 453925K [0x19b50000, 0x44600000, 0x44600000)
   the space 699072K,  64% used [0x19b50000, 0x35699560, 0x35699600, 0x44600000)
 Metaspace       used 61164K, capacity 65285K, committed 65536K, reserved 65920K
}

